2026-01-13T21:41:18: 
2026-01-13T21:41:18: > pump-investments@3.0.32 ingest
2026-01-13T21:41:18: > tsx --tsconfig tsconfig.json server/ingest-trades.ts
2026-01-13T21:41:18: 
2026-01-13T21:41:19: [cleanup] Retention: 2h
2026-01-13T21:41:19: 🚀 Trade ingestion (optimized)
2026-01-13T21:41:19:    Batch: 800 | Flush: 500ms | Pool: 15
2026-01-13T21:41:19: ✅ Connected to Pump.fun trade feed
2026-01-13T21:41:26: [ingest] Queue: 500
2026-01-13T21:41:36: [ingest] Queue: 500
2026-01-13T21:41:45: [ingest] Queue: 500
2026-01-13T21:41:51: [ingest] Queue: 620
2026-01-13T21:41:51: [ingest] Queue: 620
2026-01-13T21:41:51: [ingest] Queue: 620
2026-01-13T21:41:52: [ingest] Queue: 55
2026-01-13T21:41:53: [ingest] ✅ 39 trades in 45ms (867/sec) | cache: 19
2026-01-13T21:41:53: [ingest] Queue: 1
2026-01-13T21:41:53: [ingest] ✅ 40 trades in 10ms (4000/sec) | cache: 30
2026-01-13T21:41:53: [ingest] Queue: 7
2026-01-13T21:41:54: [ingest] ✅ 68 trades in 13ms (5231/sec) | cache: 46
2026-01-13T21:41:54: [ingest] Queue: 3
2026-01-13T21:41:54: [ingest] ✅ 46 trades in 8ms (5750/sec) | cache: 59
2026-01-13T21:41:54: [ingest] Queue: 4
2026-01-13T21:41:55: [ingest] ✅ 47 trades in 11ms (4273/sec) | cache: 67
2026-01-13T21:41:55: [ingest] Queue: 5
2026-01-13T21:41:55: [ingest] ✅ 40 trades in 11ms (3636/sec) | cache: 81
2026-01-13T21:41:55: [ingest] Queue: 1
2026-01-13T21:41:56: [ingest] ✅ 29 trades in 8ms (3625/sec) | cache: 88
2026-01-13T21:41:56: [ingest] ✅ 29 trades in 8ms (3625/sec) | cache: 97
2026-01-13T21:41:56: [ingest] Queue: 4
2026-01-13T21:41:57: [ingest] ✅ 78 trades in 9ms (8667/sec) | cache: 107
2026-01-13T21:41:57: [ingest] ✅ 30 trades in 5ms (6000/sec) | cache: 111
2026-01-13T21:41:57: [ingest] Queue: 1
2026-01-13T21:41:58: [ingest] ✅ 33 trades in 11ms (3000/sec) | cache: 121
2026-01-13T21:41:58: [ingest] ✅ 35 trades in 8ms (4375/sec) | cache: 127
2026-01-13T21:41:58: [ingest] Queue: 1
2026-01-13T21:41:59: [ingest] ✅ 21 trades in 6ms (3500/sec) | cache: 132
2026-01-13T21:41:59: [ingest] Queue: 3
2026-01-13T21:41:59: [metadata] Queue size: 45 tokens waiting for metadata
2026-01-13T21:41:59: [ingest] ✅ 36 trades in 9ms (4000/sec) | cache: 141
2026-01-13T21:41:59: [ingest] Queue: 1
2026-01-13T21:41:59: [metadata] ✅ 4VPeTgCG... (39s)
2026-01-13T21:42:00: [ingest] ✅ 44 trades in 9ms (4889/sec) | cache: 148
2026-01-13T21:42:00: [ingest] ✅ 33 trades in 7ms (4714/sec) | cache: 154
2026-01-13T21:42:01: [ingest] ✅ 21 trades in 6ms (3500/sec) | cache: 156
2026-01-13T21:42:01: [ingest] Queue: 10
2026-01-13T21:42:01: [ingest] ✅ 30 trades in 7ms (4286/sec) | cache: 171
2026-01-13T21:42:02: 
2026-01-13T21:42:02: 🛑 Shutting down...
2026-01-13T21:42:02: 
2026-01-13T21:42:02: > pump-investments@3.0.32 ingest
2026-01-13T21:42:02: > tsx --tsconfig tsconfig.json server/ingest-trades.ts
2026-01-13T21:42:02: 
2026-01-13T21:42:02: [cleanup] Retention: 2h
2026-01-13T21:42:02: 🚀 Trade ingestion (optimized)
2026-01-13T21:42:02:    Batch: 800 | Flush: 500ms | Pool: 15
2026-01-13T21:42:03: [metadata] Seeded 5000 tokens
2026-01-13T21:42:03: ✅ Connected to Pump.fun trade feed
2026-01-13T21:42:03: [ingest] ✅ 34 trades in 25ms (1360/sec) | cache: 31
2026-01-13T21:42:03: [ingest] Queue: 11
2026-01-13T21:42:04: [ingest] ✅ 64 trades in 12ms (5333/sec) | cache: 65
2026-01-13T21:42:04: [ingest] Queue: 1
2026-01-13T21:42:04: [ingest] ✅ 50 trades in 11ms (4545/sec) | cache: 88
2026-01-13T21:42:04: [ingest] Queue: 2
2026-01-13T21:42:05: [ingest] ✅ 29 trades in 6ms (4833/sec) | cache: 97
2026-01-13T21:42:05: [ingest] ✅ 34 trades in 7ms (4857/sec) | cache: 107
2026-01-13T21:42:05: [ingest] Queue: 1
2026-01-13T21:42:06: [ingest] ✅ 23 trades in 8ms (2875/sec) | cache: 119
2026-01-13T21:42:06: [ingest] Queue: 2
2026-01-13T21:42:06: [ingest] ✅ 32 trades in 7ms (4571/sec) | cache: 134
2026-01-13T21:42:06: [ingest] Queue: 2
2026-01-13T21:42:07: [ingest] ✅ 27 trades in 5ms (5400/sec) | cache: 142
2026-01-13T21:42:07: [ingest] Queue: 3
2026-01-13T21:42:07: [ingest] ✅ 26 trades in 9ms (2889/sec) | cache: 148
2026-01-13T21:42:07: [ingest] Queue: 2
2026-01-13T21:42:08: [ingest] ✅ 32 trades in 8ms (4000/sec) | cache: 154
2026-01-13T21:42:08: [ingest] Queue: 2
2026-01-13T21:42:08: [ingest] ✅ 28 trades in 5ms (5600/sec) | cache: 161
2026-01-13T21:42:08: [ingest] Queue: 1
2026-01-13T21:42:09: [ingest] ✅ 29 trades in 7ms (4143/sec) | cache: 166
2026-01-13T21:42:09: [ingest] Queue: 1
2026-01-13T21:42:09: [ingest] ✅ 14 trades in 5ms (2800/sec) | cache: 166
2026-01-13T21:42:09: [ingest] Queue: 4
2026-01-13T21:42:10: [ingest] ✅ 35 trades in 9ms (3889/sec) | cache: 177
2026-01-13T21:42:10: [ingest] Queue: 1
2026-01-13T21:42:10: [ingest] ✅ 28 trades in 8ms (3500/sec) | cache: 188
2026-01-13T21:42:10: [ingest] Queue: 5
2026-01-13T21:42:11: [ingest] ✅ 32 trades in 7ms (4571/sec) | cache: 197
2026-01-13T21:42:11: [ingest] Queue: 3
2026-01-13T21:42:11: [ingest] ✅ 30 trades in 7ms (4286/sec) | cache: 200
2026-01-13T21:42:12: [ingest] ✅ 29 trades in 8ms (3625/sec) | cache: 207
2026-01-13T21:42:12: [ingest] Queue: 1
2026-01-13T21:42:12: [ingest] ✅ 17 trades in 6ms (2833/sec) | cache: 209
2026-01-13T21:42:12: [ingest] Queue: 1
2026-01-13T21:42:12: [metadata] Queue size: 5046 tokens waiting for metadata
2026-01-13T21:42:13: [ingest] ✅ 30 trades in 9ms (3333/sec) | cache: 215
2026-01-13T21:42:13: [ingest] Queue: 2
2026-01-13T21:42:13: [ingest] ✅ 23 trades in 7ms (3286/sec) | cache: 219
2026-01-13T21:42:13: [ingest] Queue: 2
2026-01-13T21:42:14: [ingest] ✅ 28 trades in 5ms (5600/sec) | cache: 221
2026-01-13T21:42:14: [ingest] ✅ 39 trades in 7ms (5571/sec) | cache: 227
2026-01-13T21:42:14: [ingest] Queue: 2
2026-01-13T21:42:15: [ingest] ✅ 59 trades in 9ms (6556/sec) | cache: 233
2026-01-13T21:42:16: [ingest] ✅ 23 trades in 7ms (3286/sec) | cache: 235
2026-01-13T21:42:16: [ingest] Queue: 2
2026-01-13T21:42:16: [ingest] ✅ 24 trades in 7ms (3429/sec) | cache: 238
2026-01-13T21:42:16: [ingest] Queue: 4
2026-01-13T21:42:17: [ingest] ✅ 29 trades in 6ms (4833/sec) | cache: 244
2026-01-13T21:42:17: [ingest] Queue: 6
2026-01-13T21:42:17: [metadata] ✅ 5UUH9RTD... (4s)
2026-01-13T21:42:17: [metadata] 80 processed (80 ok) | Queue: 4974
2026-01-13T21:42:17: [ingest] ✅ 37 trades in 7ms (5286/sec) | cache: 248
2026-01-13T21:42:18: [ingest] ✅ 8 trades in 4ms (2000/sec) | cache: 248
2026-01-13T21:42:18: [ingest] ✅ 8 trades in 7ms (1143/sec) | cache: 249
2026-01-13T21:42:18: [ingest] Queue: 17
2026-01-13T21:42:19: [ingest] ✅ 27 trades in 5ms (5400/sec) | cache: 250
2026-01-13T21:42:19: [ingest] ✅ 34 trades in 8ms (4250/sec) | cache: 253
2026-01-13T21:42:19: [ingest] Queue: 18
2026-01-13T21:42:20: [ingest] ✅ 66 trades in 11ms (6000/sec) | cache: 263
2026-01-13T21:42:20: [ingest] Queue: 5
2026-01-13T21:42:20: [ingest] ✅ 48 trades in 9ms (5333/sec) | cache: 268
2026-01-13T21:42:20: [ingest] Queue: 2
2026-01-13T21:42:21: [ingest] ✅ 27 trades in 5ms (5400/sec) | cache: 272
2026-01-13T21:42:21: [ingest] Queue: 1
2026-01-13T21:42:21: [ingest] ✅ 36 trades in 10ms (3600/sec) | cache: 283
2026-01-13T21:42:21: [ingest] Queue: 1
2026-01-13T21:42:22: [ingest] ✅ 29 trades in 7ms (4143/sec) | cache: 285
2026-01-13T21:42:22: [ingest] ✅ 62 trades in 8ms (7750/sec) | cache: 292
2026-01-13T21:42:22: [metadata] Queue size: 4984 tokens waiting for metadata
2026-01-13T21:42:23: [ingest] ✅ 21 trades in 6ms (3500/sec) | cache: 293
2026-01-13T21:42:23: [ingest] Queue: 1
2026-01-13T21:42:23: [ingest] ✅ 24 trades in 5ms (4800/sec) | cache: 297
2026-01-13T21:42:23: [ingest] Queue: 3
2026-01-13T21:42:24: [ingest] ✅ 28 trades in 6ms (4667/sec) | cache: 300
2026-01-13T21:42:24: [ingest] Queue: 6
2026-01-13T21:42:24: [ingest] ✅ 52 trades in 7ms (7429/sec) | cache: 304
2026-01-13T21:42:24: [ingest] Queue: 2
2026-01-13T21:42:25: [ingest] ✅ 31 trades in 8ms (3875/sec) | cache: 308
2026-01-13T21:42:25: [ingest] Queue: 9
2026-01-13T21:42:25: [ingest] ✅ 37 trades in 5ms (7400/sec) | cache: 310
2026-01-13T21:42:26: [ingest] ✅ 32 trades in 5ms (6400/sec) | cache: 311
2026-01-13T21:42:26: [ingest] ✅ 24 trades in 7ms (3429/sec) | cache: 315
2026-01-13T21:42:26: [ingest] Queue: 4
2026-01-13T21:42:27: [ingest] ✅ 48 trades in 9ms (5333/sec) | cache: 325
2026-01-13T21:42:27: [ingest] Queue: 2
2026-01-13T21:42:27: [metadata] 80 processed (79 ok) | Queue: 4913
2026-01-13T21:42:27: [ingest] ✅ 54 trades in 6ms (9000/sec) | cache: 326
2026-01-13T21:42:27: [ingest] Queue: 2
2026-01-13T21:42:28: [ingest] ✅ 32 trades in 6ms (5333/sec) | cache: 328
2026-01-13T21:42:28: [ingest] ✅ 33 trades in 11ms (3000/sec) | cache: 336
2026-01-13T21:42:29: [ingest] ✅ 15 trades in 5ms (3000/sec) | cache: 337
2026-01-13T21:42:29: [ingest] ✅ 43 trades in 6ms (7167/sec) | cache: 339
2026-01-13T21:42:30: [ingest] ✅ 37 trades in 6ms (6167/sec) | cache: 342
2026-01-13T21:42:30: [ingest] ✅ 35 trades in 8ms (4375/sec) | cache: 345
2026-01-13T21:42:30: [ingest] Queue: 4
2026-01-13T21:42:31: [ingest] ✅ 39 trades in 5ms (7800/sec) | cache: 349
2026-01-13T21:42:31: [ingest] ✅ 35 trades in 7ms (5000/sec) | cache: 355
2026-01-13T21:42:31: [ingest] Queue: 2
2026-01-13T21:42:32: [ingest] ✅ 57 trades in 9ms (6333/sec) | cache: 364
2026-01-13T21:42:32: [ingest] Queue: 4
2026-01-13T21:42:32: [ingest] ✅ 38 trades in 6ms (6333/sec) | cache: 369
2026-01-13T21:42:32: [ingest] Queue: 3
2026-01-13T21:42:32: [metadata] Queue size: 4920 tokens waiting for metadata
2026-01-13T21:42:33: [ingest] ✅ 46 trades in 8ms (5750/sec) | cache: 373
2026-01-13T21:42:33: [ingest] Queue: 4
2026-01-13T21:42:33: [ingest] ✅ 39 trades in 8ms (4875/sec) | cache: 379
2026-01-13T21:42:34: [ingest] ✅ 36 trades in 5ms (7200/sec) | cache: 383
2026-01-13T21:42:35: [ingest] ✅ 41 trades in 6ms (6833/sec) | cache: 387
2026-01-13T21:42:35: [ingest] Queue: 5
2026-01-13T21:42:35: [ingest] ✅ 26 trades in 8ms (3250/sec) | cache: 389
2026-01-13T21:42:35: [ingest] Queue: 1
2026-01-13T21:42:35: [metadata] ✅ 8ncucXv6... (2s)
2026-01-13T21:42:36: [ingest] ✅ 22 trades in 3ms (7333/sec) | cache: 389
2026-01-13T21:42:36: [ingest] ✅ 15 trades in 6ms (2500/sec) | cache: 391
2026-01-13T21:42:36: [ingest] Queue: 1
2026-01-13T21:42:36: [metadata] ✅ 2LsescRj... (31s)
2026-01-13T21:42:37: [ingest] ✅ 53 trades in 8ms (6625/sec) | cache: 395
2026-01-13T21:42:37: [ingest] Queue: 1
2026-01-13T21:42:37: [metadata] 80 processed (78 ok) | Queue: 4852
2026-01-13T21:42:37: [ingest] ✅ 40 trades in 12ms (3333/sec) | cache: 400
2026-01-13T21:42:37: [ingest] Queue: 1
2026-01-13T21:42:38: [ingest] ✅ 36 trades in 6ms (6000/sec) | cache: 403
2026-01-13T21:42:38: [ingest] ✅ 16 trades in 6ms (2667/sec) | cache: 407
2026-01-13T21:42:39: [ingest] ✅ 19 trades in 4ms (4750/sec) | cache: 408
2026-01-13T21:42:39: [ingest] ✅ 30 trades in 6ms (5000/sec) | cache: 412
2026-01-13T21:42:40: [ingest] ✅ 50 trades in 7ms (7143/sec) | cache: 418
2026-01-13T21:42:40: [ingest] Queue: 1
2026-01-13T21:42:40: [ingest] ✅ 36 trades in 6ms (6000/sec) | cache: 419
2026-01-13T21:42:41: [ingest] ✅ 43 trades in 7ms (6143/sec) | cache: 422
2026-01-13T21:42:41: [ingest] Queue: 1
2026-01-13T21:42:41: [ingest] ✅ 21 trades in 6ms (3500/sec) | cache: 423
2026-01-13T21:42:42: [ingest] ✅ 36 trades in 4ms (9000/sec) | cache: 424
2026-01-13T21:42:42: [ingest] Queue: 1
2026-01-13T21:42:42: [ingest] ✅ 31 trades in 5ms (6200/sec) | cache: 426
2026-01-13T21:42:42: [metadata] Queue size: 4859 tokens waiting for metadata
2026-01-13T21:42:43: [ingest] ✅ 21 trades in 4ms (5250/sec) | cache: 427
2026-01-13T21:42:43: [ingest] ✅ 42 trades in 6ms (7000/sec) | cache: 429
2026-01-13T21:42:44: [ingest] ✅ 37 trades in 6ms (6167/sec) | cache: 432
2026-01-13T21:42:44: [ingest] ✅ 46 trades in 7ms (6571/sec) | cache: 435
2026-01-13T21:42:45: [ingest] ✅ 16 trades in 3ms (5333/sec) | cache: 435
2026-01-13T21:42:45: [ingest] ✅ 33 trades in 5ms (6600/sec) | cache: 437
2026-01-13T21:42:46: [ingest] ✅ 22 trades in 6ms (3667/sec) | cache: 438
2026-01-13T21:42:46: [metadata] ✅ BS7HxRit... (18s)
2026-01-13T21:42:46: [ingest] ✅ 36 trades in 5ms (7200/sec) | cache: 440
2026-01-13T21:42:46: [ingest] Queue: 1
2026-01-13T21:42:47: [ingest] ✅ 40 trades in 6ms (6667/sec) | cache: 443
2026-01-13T21:42:47: [ingest] Queue: 1
2026-01-13T21:42:47: [metadata] 80 processed (78 ok) | Queue: 4788
2026-01-13T21:42:47: [ingest] ✅ 70 trades in 6ms (11667/sec) | cache: 445
2026-01-13T21:42:47: [ingest] Queue: 3
2026-01-13T21:42:48: [ingest] ✅ 111 trades in 9ms (12333/sec) | cache: 448
2026-01-13T21:42:48: [ingest] Queue: 2
2026-01-13T21:42:48: [ingest] ✅ 100 trades in 9ms (11111/sec) | cache: 456
2026-01-13T21:42:48: [ingest] Queue: 1
2026-01-13T21:42:49: [ingest] ✅ 50 trades in 8ms (6250/sec) | cache: 465
2026-01-13T21:42:49: [ingest] Queue: 1
2026-01-13T21:42:49: [ingest] ✅ 27 trades in 6ms (4500/sec) | cache: 472
2026-01-13T21:42:50: [ingest] ✅ 34 trades in 5ms (6800/sec) | cache: 473
2026-01-13T21:42:50: [ingest] ✅ 29 trades in 7ms (4143/sec) | cache: 475
2026-01-13T21:42:50: [ingest] Queue: 2
2026-01-13T21:42:51: [ingest] ✅ 20 trades in 6ms (3333/sec) | cache: 479
2026-01-13T21:42:51: [ingest] ✅ 31 trades in 4ms (7750/sec) | cache: 481
2026-01-13T21:42:52: [ingest] ✅ 49 trades in 7ms (7000/sec) | cache: 486
2026-01-13T21:42:52: [ingest] ✅ 30 trades in 4ms (7500/sec) | cache: 487
2026-01-13T21:42:52: [ingest] Queue: 4
2026-01-13T21:42:52: [metadata] Queue size: 4799 tokens waiting for metadata
2026-01-13T21:42:53: [ingest] ✅ 27 trades in 7ms (3857/sec) | cache: 489
2026-01-13T21:42:53: [ingest] Queue: 4
2026-01-13T21:42:53: [ingest] ✅ 50 trades in 7ms (7143/sec) | cache: 492
2026-01-13T21:42:54: [ingest] ✅ 30 trades in 5ms (6000/sec) | cache: 492
2026-01-13T21:42:54: [ingest] ✅ 34 trades in 8ms (4250/sec) | cache: 494
2026-01-13T21:42:55: [ingest] ✅ 54 trades in 6ms (9000/sec) | cache: 496
2026-01-13T21:42:55: [ingest] ✅ 35 trades in 4ms (8750/sec) | cache: 496
2026-01-13T21:42:56: [ingest] ✅ 71 trades in 10ms (7100/sec) | cache: 500
2026-01-13T21:42:56: [ingest] ✅ 32 trades in 4ms (8000/sec) | cache: 500
2026-01-13T21:42:56: [ingest] Queue: 1
2026-01-13T21:42:57: [ingest] ✅ 40 trades in 6ms (6667/sec) | cache: 502
2026-01-13T21:42:57: [ingest] Queue: 1
2026-01-13T21:42:57: [metadata] 80 processed (78 ok) | Queue: 4726
2026-01-13T21:42:57: [ingest] ✅ 28 trades in 6ms (4667/sec) | cache: 503
2026-01-13T21:42:58: [ingest] ✅ 68 trades in 9ms (7556/sec) | cache: 506
2026-01-13T21:42:58: [ingest] Queue: 2
2026-01-13T21:42:58: [ingest] ✅ 63 trades in 7ms (9000/sec) | cache: 507
2026-01-13T21:42:59: [ingest] ✅ 52 trades in 9ms (5778/sec) | cache: 511
2026-01-13T21:42:59: [ingest] Queue: 1
2026-01-13T21:42:59: [ingest] ✅ 48 trades in 7ms (6857/sec) | cache: 514
2026-01-13T21:43:00: [ingest] ✅ 64 trades in 8ms (8000/sec) | cache: 517
2026-01-13T21:43:00: [ingest] ✅ 42 trades in 7ms (6000/sec) | cache: 520
2026-01-13T21:43:00: [ingest] Queue: 2
2026-01-13T21:43:01: [ingest] ✅ 36 trades in 7ms (5143/sec) | cache: 521
2026-01-13T21:43:01: [ingest] Queue: 1
2026-01-13T21:43:01: [ingest] ✅ 30 trades in 5ms (6000/sec) | cache: 523
2026-01-13T21:43:02: [ingest] ✅ 41 trades in 5ms (8200/sec) | cache: 524
2026-01-13T21:43:02: [ingest] ✅ 41 trades in 7ms (5857/sec) | cache: 527
2026-01-13T21:43:02: [metadata] Queue size: 4730 tokens waiting for metadata
2026-01-13T21:43:03: [ingest] ✅ 34 trades in 5ms (6800/sec) | cache: 528
2026-01-13T21:43:03: [ingest] Queue: 1
2026-01-13T21:43:04: [ingest] ✅ 67 trades in 7ms (9571/sec) | cache: 529
2026-01-13T21:43:04: [ingest] Queue: 1
2026-01-13T21:43:04: [ingest] ✅ 37 trades in 7ms (5286/sec) | cache: 531
2026-01-13T21:43:05: [ingest] ✅ 36 trades in 4ms (9000/sec) | cache: 531
2026-01-13T21:43:05: [ingest] ✅ 22 trades in 6ms (3667/sec) | cache: 532
2026-01-13T21:43:05: [ingest] Queue: 1
2026-01-13T21:43:06: [metadata] ✅ 8vGr1eX9... (40s)
2026-01-13T21:43:06: [ingest] ✅ 38 trades in 5ms (7600/sec) | cache: 534
2026-01-13T21:43:06: [ingest] Queue: 1
2026-01-13T21:43:06: [ingest] ✅ 47 trades in 7ms (6714/sec) | cache: 535
2026-01-13T21:43:06: [ingest] Queue: 3
2026-01-13T21:43:07: [ingest] ✅ 38 trades in 8ms (4750/sec) | cache: 538
2026-01-13T21:43:07: [metadata] 80 processed (78 ok) | Queue: 4658
2026-01-13T21:43:07: [ingest] ✅ 68 trades in 7ms (9714/sec) | cache: 541
2026-01-13T21:43:07: [ingest] Queue: 2
2026-01-13T21:43:08: [ingest] ✅ 64 trades in 8ms (8000/sec) | cache: 544
2026-01-13T21:43:08: [ingest] Queue: 1
2026-01-13T21:43:08: [ingest] ✅ 37 trades in 5ms (7400/sec) | cache: 545
2026-01-13T21:43:09: [ingest] ✅ 30 trades in 5ms (6000/sec) | cache: 547
2026-01-13T21:43:09: [ingest] ✅ 27 trades in 6ms (4500/sec) | cache: 550
2026-01-13T21:43:10: [ingest] ✅ 36 trades in 4ms (9000/sec) | cache: 550
2026-01-13T21:43:10: [ingest] ✅ 39 trades in 5ms (7800/sec) | cache: 551
2026-01-13T21:43:10: [ingest] Queue: 1
2026-01-13T21:43:11: [ingest] ✅ 28 trades in 5ms (5600/sec) | cache: 552
2026-01-13T21:43:11: [ingest] Queue: 1
2026-01-13T21:43:11: [ingest] ✅ 14 trades in 6ms (2333/sec) | cache: 554
2026-01-13T21:43:12: [ingest] ✅ 35 trades in 7ms (5000/sec) | cache: 557
2026-01-13T21:43:12: [ingest] ✅ 31 trades in 6ms (5167/sec) | cache: 559
2026-01-13T21:43:12: [metadata] Queue size: 4662 tokens waiting for metadata
2026-01-13T21:43:13: [ingest] ✅ 37 trades in 6ms (6167/sec) | cache: 562
2026-01-13T21:43:13: [ingest] ✅ 39 trades in 6ms (6500/sec) | cache: 564
2026-01-13T21:43:14: [ingest] ✅ 16 trades in 5ms (3200/sec) | cache: 566
2026-01-13T21:43:14: [ingest] ✅ 30 trades in 6ms (5000/sec) | cache: 568
2026-01-13T21:43:15: [ingest] ✅ 39 trades in 6ms (6500/sec) | cache: 571
2026-01-13T21:43:15: [ingest] ✅ 37 trades in 8ms (4625/sec) | cache: 574
2026-01-13T21:43:16: [ingest] ✅ 41 trades in 6ms (6833/sec) | cache: 577
2026-01-13T21:43:16: [ingest] Queue: 1
2026-01-13T21:43:16: [ingest] ✅ 31 trades in 9ms (3444/sec) | cache: 579
2026-01-13T21:43:17: [ingest] ✅ 40 trades in 6ms (6667/sec) | cache: 580
2026-01-13T21:43:17: [metadata] 80 processed (79 ok) | Queue: 4591
2026-01-13T21:43:17: [ingest] ✅ 29 trades in 6ms (4833/sec) | cache: 582
2026-01-13T21:43:18: [ingest] ✅ 38 trades in 7ms (5429/sec) | cache: 585
2026-01-13T21:43:18: [ingest] ✅ 29 trades in 5ms (5800/sec) | cache: 587
2026-01-13T21:43:19: [ingest] ✅ 33 trades in 8ms (4125/sec) | cache: 590
2026-01-13T21:43:19: [ingest] ✅ 21 trades in 6ms (3500/sec) | cache: 590
2026-01-13T21:43:20: [ingest] ✅ 31 trades in 5ms (6200/sec) | cache: 590
2026-01-13T21:43:20: [ingest] ✅ 28 trades in 5ms (5600/sec) | cache: 590
2026-01-13T21:43:21: [ingest] ✅ 41 trades in 9ms (4556/sec) | cache: 593
2026-01-13T21:43:21: [ingest] ✅ 49 trades in 8ms (6125/sec) | cache: 596
2026-01-13T21:43:21: [ingest] Queue: 2
2026-01-13T21:43:22: [ingest] ✅ 30 trades in 6ms (5000/sec) | cache: 600
2026-01-13T21:43:22: [ingest] ✅ 41 trades in 6ms (6833/sec) | cache: 603
2026-01-13T21:43:22: [metadata] Queue size: 4597 tokens waiting for metadata
2026-01-13T21:43:23: [ingest] ✅ 37 trades in 4ms (9250/sec) | cache: 603
2026-01-13T21:43:23: [ingest] ✅ 24 trades in 4ms (6000/sec) | cache: 603
2026-01-13T21:43:24: [ingest] ✅ 30 trades in 6ms (5000/sec) | cache: 605
2026-01-13T21:43:24: [ingest] ✅ 61 trades in 7ms (8714/sec) | cache: 606
2026-01-13T21:43:25: [ingest] ✅ 26 trades in 8ms (3250/sec) | cache: 608
2026-01-13T21:43:25: [ingest] ✅ 29 trades in 5ms (5800/sec) | cache: 608
2026-01-13T21:43:25: [ingest] Queue: 1
2026-01-13T21:43:26: [ingest] ✅ 37 trades in 5ms (7400/sec) | cache: 609
2026-01-13T21:43:26: [ingest] ✅ 37 trades in 6ms (6167/sec) | cache: 613
2026-01-13T21:43:27: [metadata] 80 processed (79 ok) | Queue: 4522
2026-01-13T21:43:27: [ingest] ✅ 48 trades in 9ms (5333/sec) | cache: 615
2026-01-13T21:43:28: [ingest] ✅ 31 trades in 6ms (5167/sec) | cache: 617
2026-01-13T21:43:28: [ingest] ✅ 9 trades in 5ms (1800/sec) | cache: 618
2026-01-13T21:43:29: [ingest] ✅ 31 trades in 4ms (7750/sec) | cache: 618
2026-01-13T21:43:29: [ingest] Queue: 1
2026-01-13T21:43:29: [ingest] ✅ 38 trades in 9ms (4222/sec) | cache: 622
2026-01-13T21:43:29: [ingest] Queue: 1
2026-01-13T21:43:30: [ingest] ✅ 64 trades in 7ms (9143/sec) | cache: 624
2026-01-13T21:43:30: [ingest] Queue: 1
2026-01-13T21:43:30: [ingest] ✅ 54 trades in 7ms (7714/sec) | cache: 626
2026-01-13T21:43:31: [ingest] ✅ 32 trades in 3ms (10667/sec) | cache: 626
2026-01-13T21:43:31: [ingest] ✅ 41 trades in 8ms (5125/sec) | cache: 627
2026-01-13T21:43:32: [ingest] ✅ 71 trades in 7ms (10143/sec) | cache: 628
2026-01-13T21:43:32: [metadata] Queue size: 4528 tokens waiting for metadata
2026-01-13T21:43:33: [ingest] ✅ 48 trades in 5ms (9600/sec) | cache: 628
2026-01-13T21:43:33: [ingest] Queue: 3
2026-01-13T21:43:33: [ingest] ✅ 38 trades in 4ms (9500/sec) | cache: 628
2026-01-13T21:43:33: [ingest] Queue: 1
2026-01-13T21:43:34: [ingest] ✅ 36 trades in 6ms (6000/sec) | cache: 629
2026-01-13T21:43:34: [ingest] ✅ 35 trades in 6ms (5833/sec) | cache: 630
2026-01-13T21:43:34: [ingest] Queue: 1
2026-01-13T21:43:35: [ingest] ✅ 31 trades in 5ms (6200/sec) | cache: 632
2026-01-13T21:43:35: [ingest] Queue: 11
2026-01-13T21:43:35: [ingest] ✅ 57 trades in 7ms (8143/sec) | cache: 635
2026-01-13T21:43:35: [ingest] Queue: 1
2026-01-13T21:43:36: [ingest] ✅ 24 trades in 5ms (4800/sec) | cache: 637
2026-01-13T21:43:36: [ingest] ✅ 28 trades in 4ms (7000/sec) | cache: 638
2026-01-13T21:43:37: [ingest] ✅ 27 trades in 5ms (5400/sec) | cache: 639
2026-01-13T21:43:37: [ingest] Queue: 1
2026-01-13T21:43:37: [metadata] 80 processed (78 ok) | Queue: 4453
2026-01-13T21:43:37: [ingest] ✅ 22 trades in 4ms (5500/sec) | cache: 640
2026-01-13T21:43:38: [ingest] ✅ 47 trades in 4ms (11750/sec) | cache: 640
2026-01-13T21:43:38: [ingest] ✅ 55 trades in 9ms (6111/sec) | cache: 643
2026-01-13T21:43:38: [ingest] Queue: 2
2026-01-13T21:43:39: [ingest] ✅ 42 trades in 7ms (6000/sec) | cache: 645
2026-01-13T21:43:39: [ingest] ✅ 25 trades in 5ms (5000/sec) | cache: 646
2026-01-13T21:43:39: [ingest] Queue: 1
2026-01-13T21:43:40: [ingest] ✅ 42 trades in 5ms (8400/sec) | cache: 651
2026-01-13T21:43:40: [ingest] Queue: 1
2026-01-13T21:43:40: [ingest] ✅ 43 trades in 4ms (10750/sec) | cache: 651
2026-01-13T21:43:40: [ingest] Queue: 1
2026-01-13T21:43:41: [ingest] ✅ 56 trades in 4ms (14000/sec) | cache: 651
2026-01-13T21:43:41: [ingest] ✅ 33 trades in 4ms (8250/sec) | cache: 651
2026-01-13T21:43:42: [ingest] ✅ 43 trades in 5ms (8600/sec) | cache: 654
2026-01-13T21:43:42: [ingest] Queue: 1
2026-01-13T21:43:42: [ingest] ✅ 34 trades in 7ms (4857/sec) | cache: 656
2026-01-13T21:43:42: [ingest] Queue: 1
2026-01-13T21:43:42: [metadata] Queue size: 4457 tokens waiting for metadata
2026-01-13T21:43:43: [ingest] ✅ 40 trades in 4ms (10000/sec) | cache: 656
2026-01-13T21:43:43: [ingest] ✅ 40 trades in 7ms (5714/sec) | cache: 659
2026-01-13T21:43:44: [ingest] ✅ 29 trades in 12ms (2417/sec) | cache: 660
2026-01-13T21:43:44: [ingest] Queue: 1
2026-01-13T21:43:44: [ingest] ✅ 19 trades in 6ms (3167/sec) | cache: 661
2026-01-13T21:43:45: [ingest] ✅ 39 trades in 7ms (5571/sec) | cache: 665
2026-01-13T21:43:45: [ingest] ✅ 51 trades in 6ms (8500/sec) | cache: 667
2026-01-13T21:43:45: [ingest] Queue: 1
2026-01-13T21:43:46: [ingest] ✅ 38 trades in 7ms (5429/sec) | cache: 669
2026-01-13T21:43:46: [ingest] ✅ 36 trades in 5ms (7200/sec) | cache: 670
2026-01-13T21:43:46: [ingest] Queue: 1
2026-01-13T21:43:47: [ingest] ✅ 42 trades in 6ms (7000/sec) | cache: 674
2026-01-13T21:43:47: [metadata] 80 processed (79 ok) | Queue: 4385
2026-01-13T21:43:47: [ingest] ✅ 42 trades in 6ms (7000/sec) | cache: 676
2026-01-13T21:43:47: [ingest] Queue: 1
2026-01-13T21:43:48: [ingest] ✅ 42 trades in 4ms (10500/sec) | cache: 676
2026-01-13T21:43:48: [ingest] Queue: 1
2026-01-13T21:43:48: [ingest] ✅ 41 trades in 6ms (6833/sec) | cache: 679
2026-01-13T21:43:49: [ingest] ✅ 30 trades in 7ms (4286/sec) | cache: 680
2026-01-13T21:43:49: [ingest] ✅ 28 trades in 7ms (4000/sec) | cache: 684
2026-01-13T21:43:50: [ingest] ✅ 24 trades in 6ms (4000/sec) | cache: 685
2026-01-13T21:43:50: [ingest] Queue: 2
2026-01-13T21:43:50: [ingest] ✅ 40 trades in 4ms (10000/sec) | cache: 685
2026-01-13T21:43:51: [ingest] ✅ 36 trades in 6ms (6000/sec) | cache: 689
2026-01-13T21:43:51: [ingest] ✅ 32 trades in 4ms (8000/sec) | cache: 691
2026-01-13T21:43:51: [ingest] Queue: 1
2026-01-13T21:43:52: [ingest] ✅ 38 trades in 5ms (7600/sec) | cache: 694
2026-01-13T21:43:52: [ingest] ✅ 30 trades in 5ms (6000/sec) | cache: 697
2026-01-13T21:43:52: [metadata] Queue size: 4389 tokens waiting for metadata
2026-01-13T21:43:53: [ingest] ✅ 29 trades in 6ms (4833/sec) | cache: 699
2026-01-13T21:43:53: [ingest] ✅ 20 trades in 5ms (4000/sec) | cache: 699
2026-01-13T21:43:54: [ingest] ✅ 46 trades in 4ms (11500/sec) | cache: 699
2026-01-13T21:43:54: [ingest] Queue: 1
2026-01-13T21:43:54: [ingest] ✅ 20 trades in 9ms (2222/sec) | cache: 703
2026-01-13T21:43:54: [ingest] Queue: 1
2026-01-13T21:43:55: [ingest] ✅ 36 trades in 7ms (5143/sec) | cache: 707
2026-01-13T21:43:55: [ingest] Queue: 2
2026-01-13T21:43:55: [ingest] ✅ 28 trades in 7ms (4000/sec) | cache: 709
2026-01-13T21:43:55: [ingest] Queue: 2
2026-01-13T21:43:56: [ingest] ✅ 34 trades in 6ms (5667/sec) | cache: 710
2026-01-13T21:43:56: [ingest] Queue: 1
2026-01-13T21:43:56: [ingest] ✅ 26 trades in 5ms (5200/sec) | cache: 711
2026-01-13T21:43:57: [ingest] ✅ 34 trades in 5ms (6800/sec) | cache: 713
2026-01-13T21:43:57: [ingest] Queue: 1
2026-01-13T21:43:57: [metadata] 80 processed (79 ok) | Queue: 4316
2026-01-13T21:43:57: [ingest] ✅ 12 trades in 3ms (4000/sec) | cache: 713
2026-01-13T21:43:57: [ingest] Queue: 2
2026-01-13T21:43:58: [ingest] ✅ 67 trades in 10ms (6700/sec) | cache: 716
2026-01-13T21:43:58: [ingest] Queue: 2
2026-01-13T21:43:58: [ingest] ✅ 65 trades in 6ms (10833/sec) | cache: 717
2026-01-13T21:43:58: [ingest] Queue: 1
2026-01-13T21:43:59: [ingest] ✅ 46 trades in 7ms (6571/sec) | cache: 719
2026-01-13T21:43:59: [ingest] Queue: 1
2026-01-13T21:43:59: [ingest] ✅ 41 trades in 8ms (5125/sec) | cache: 720
2026-01-13T21:43:59: [ingest] Queue: 1
2026-01-13T21:44:00: [ingest] ✅ 35 trades in 6ms (5833/sec) | cache: 722
2026-01-13T21:44:00: [ingest] Queue: 1
2026-01-13T21:44:00: [ingest] ✅ 29 trades in 6ms (4833/sec) | cache: 723
2026-01-13T21:44:01: [ingest] ✅ 39 trades in 7ms (5571/sec) | cache: 727
2026-01-13T21:44:01: [ingest] Queue: 2
2026-01-13T21:44:01: [ingest] ✅ 28 trades in 6ms (4667/sec) | cache: 729
2026-01-13T21:44:02: [ingest] ✅ 56 trades in 5ms (11200/sec) | cache: 729
2026-01-13T21:44:02: [metadata] Queue size: 4321 tokens waiting for metadata
2026-01-13T21:44:03: [ingest] ✅ 20 trades in 6ms (3333/sec) | cache: 731
2026-01-13T21:44:03: [ingest] Queue: 1
2026-01-13T21:44:03: [ingest] ✅ 22 trades in 8ms (2750/sec) | cache: 733
2026-01-13T21:44:03: [ingest] Queue: 1
2026-01-13T21:44:04: [ingest] ✅ 55 trades in 8ms (6875/sec) | cache: 736
2026-01-13T21:44:04: [ingest] Queue: 2
2026-01-13T21:44:04: [ingest] ✅ 39 trades in 5ms (7800/sec) | cache: 736
2026-01-13T21:44:05: [ingest] ✅ 30 trades in 4ms (7500/sec) | cache: 736
2026-01-13T21:44:05: [ingest] Queue: 1
2026-01-13T21:44:05: [ingest] ✅ 24 trades in 4ms (6000/sec) | cache: 736
2026-01-13T21:44:06: [ingest] ✅ 36 trades in 7ms (5143/sec) | cache: 738
2026-01-13T21:44:06: [ingest] Queue: 3
2026-01-13T21:44:06: [ingest] ✅ 43 trades in 5ms (8600/sec) | cache: 741
2026-01-13T21:44:06: [ingest] Queue: 1
2026-01-13T21:44:07: [metadata] 80 processed (79 ok) | Queue: 4248
2026-01-13T21:44:07: [ingest] ✅ 14 trades in 4ms (3500/sec) | cache: 741
2026-01-13T21:44:07: [ingest] ✅ 46 trades in 7ms (6571/sec) | cache: 743
2026-01-13T21:44:08: [ingest] ✅ 31 trades in 5ms (6200/sec) | cache: 745
2026-01-13T21:44:08: [ingest] ✅ 17 trades in 6ms (2833/sec) | cache: 747
2026-01-13T21:44:09: [ingest] ✅ 47 trades in 8ms (5875/sec) | cache: 748
2026-01-13T21:44:09: [ingest] ✅ 35 trades in 5ms (7000/sec) | cache: 748
2026-01-13T21:44:10: [ingest] ✅ 31 trades in 8ms (3875/sec) | cache: 750
2026-01-13T21:44:10: [ingest] Queue: 1
2026-01-13T21:44:10: [ingest] ✅ 19 trades in 6ms (3167/sec) | cache: 752
2026-01-13T21:44:11: [ingest] ✅ 37 trades in 5ms (7400/sec) | cache: 753
2026-01-13T21:44:11: [ingest] ✅ 21 trades in 7ms (3000/sec) | cache: 757
2026-01-13T21:44:12: [ingest] ✅ 26 trades in 7ms (3714/sec) | cache: 759
2026-01-13T21:44:12: [ingest] ✅ 26 trades in 6ms (4333/sec) | cache: 762
2026-01-13T21:44:12: [ingest] Queue: 1
2026-01-13T21:44:12: [metadata] Queue size: 4252 tokens waiting for metadata
2026-01-13T21:44:13: [ingest] ✅ 26 trades in 4ms (6500/sec) | cache: 762
2026-01-13T21:44:13: [ingest] ✅ 28 trades in 6ms (4667/sec) | cache: 763
2026-01-13T21:44:14: [ingest] ✅ 43 trades in 7ms (6143/sec) | cache: 765
2026-01-13T21:44:14: [ingest] Queue: 1
2026-01-13T21:44:14: [ingest] ✅ 42 trades in 6ms (7000/sec) | cache: 769
2026-01-13T21:44:15: [ingest] ✅ 29 trades in 4ms (7250/sec) | cache: 769
2026-01-13T21:44:15: [ingest] ✅ 13 trades in 5ms (2600/sec) | cache: 769
2026-01-13T21:44:16: [ingest] ✅ 26 trades in 8ms (3250/sec) | cache: 771
2026-01-13T21:44:16: [ingest] ✅ 44 trades in 8ms (5500/sec) | cache: 773
2026-01-13T21:44:17: [metadata] 80 processed (79 ok) | Queue: 4178
2026-01-13T21:44:17: [ingest] ✅ 33 trades in 6ms (5500/sec) | cache: 776
2026-01-13T21:44:17: [ingest] ✅ 31 trades in 6ms (5167/sec) | cache: 777
2026-01-13T21:44:17: [ingest] Queue: 1
2026-01-13T21:44:18: [ingest] ✅ 66 trades in 8ms (8250/sec) | cache: 781
2026-01-13T21:44:18: [ingest] Queue: 1
2026-01-13T21:44:18: [ingest] ✅ 46 trades in 5ms (9200/sec) | cache: 785
2026-01-13T21:44:19: [ingest] ✅ 39 trades in 9ms (4333/sec) | cache: 788
2026-01-13T21:44:19: [ingest] ✅ 46 trades in 7ms (6571/sec) | cache: 792
2026-01-13T21:44:19: [ingest] Queue: 1
2026-01-13T21:44:20: [ingest] ✅ 44 trades in 5ms (8800/sec) | cache: 793
2026-01-13T21:44:20: [ingest] Queue: 1
2026-01-13T21:44:20: [ingest] ✅ 30 trades in 5ms (6000/sec) | cache: 793
2026-01-13T21:44:21: [ingest] ✅ 32 trades in 9ms (3556/sec) | cache: 796
2026-01-13T21:44:21: [ingest] ✅ 28 trades in 5ms (5600/sec) | cache: 797
2026-01-13T21:44:21: [ingest] Queue: 1
2026-01-13T21:44:22: [ingest] ✅ 48 trades in 7ms (6857/sec) | cache: 798
2026-01-13T21:44:22: [ingest] ✅ 45 trades in 4ms (11250/sec) | cache: 798
2026-01-13T21:44:22: [metadata] Queue size: 4183 tokens waiting for metadata
2026-01-13T21:44:23: [ingest] ✅ 31 trades in 4ms (7750/sec) | cache: 798
2026-01-13T21:44:23: [ingest] ✅ 35 trades in 6ms (5833/sec) | cache: 799
2026-01-13T21:44:24: [ingest] ✅ 44 trades in 7ms (6286/sec) | cache: 800
2026-01-13T21:44:25: [ingest] ✅ 29 trades in 7ms (4143/sec) | cache: 803
2026-01-13T21:44:25: [ingest] ✅ 28 trades in 6ms (4667/sec) | cache: 804
2026-01-13T21:44:26: [ingest] ✅ 27 trades in 6ms (4500/sec) | cache: 806
2026-01-13T21:44:26: [ingest] ✅ 39 trades in 8ms (4875/sec) | cache: 809
2026-01-13T21:44:26: [ingest] Queue: 2
2026-01-13T21:44:27: [ingest] ✅ 33 trades in 4ms (8250/sec) | cache: 809
2026-01-13T21:44:27: [metadata] ✅ 4SXJJw2G... (110s)
2026-01-13T21:44:27: [metadata] ✅ HohE9Fsi... (26s)
2026-01-13T21:44:27: [ingest] ✅ 46 trades in 4ms (11500/sec) | cache: 809
2026-01-13T21:44:27: [metadata] 80 processed (79 ok) | Queue: 4109
2026-01-13T21:44:28: [ingest] ✅ 42 trades in 6ms (7000/sec) | cache: 812
2026-01-13T21:44:28: [ingest] ✅ 43 trades in 5ms (8600/sec) | cache: 814
2026-01-13T21:44:29: [ingest] ✅ 46 trades in 6ms (7667/sec) | cache: 815
2026-01-13T21:44:29: [ingest] ✅ 67 trades in 8ms (8375/sec) | cache: 820
2026-01-13T21:44:29: [ingest] Queue: 1
2026-01-13T21:44:30: [ingest] ✅ 32 trades in 5ms (6400/sec) | cache: 823
2026-01-13T21:44:30: [ingest] Queue: 1
2026-01-13T21:44:30: [ingest] ✅ 49 trades in 8ms (6125/sec) | cache: 826
2026-01-13T21:44:30: [ingest] Queue: 1
2026-01-13T21:44:31: [ingest] ✅ 43 trades in 8ms (5375/sec) | cache: 828
2026-01-13T21:44:31: [ingest] ✅ 34 trades in 5ms (6800/sec) | cache: 829
2026-01-13T21:44:31: [ingest] Queue: 1
2026-01-13T21:44:32: [ingest] ✅ 42 trades in 8ms (5250/sec) | cache: 832
2026-01-13T21:44:32: [ingest] Queue: 2
2026-01-13T21:44:32: [ingest] ✅ 34 trades in 7ms (4857/sec) | cache: 834
2026-01-13T21:44:32: [ingest] Queue: 1
2026-01-13T21:44:32: [metadata] Queue size: 4112 tokens waiting for metadata
2026-01-13T21:44:33: [ingest] ✅ 30 trades in 4ms (7500/sec) | cache: 834
2026-01-13T21:44:33: [ingest] Queue: 1
2026-01-13T21:44:33: [ingest] ✅ 72 trades in 6ms (12000/sec) | cache: 835
2026-01-13T21:44:33: [ingest] Queue: 1
2026-01-13T21:44:34: [ingest] ✅ 35 trades in 7ms (5000/sec) | cache: 837
2026-01-13T21:44:34: [ingest] ✅ 25 trades in 6ms (4167/sec) | cache: 838
2026-01-13T21:44:34: [ingest] Queue: 2
2026-01-13T21:44:35: [ingest] ✅ 35 trades in 5ms (7000/sec) | cache: 839
2026-01-13T21:44:35: [ingest] Queue: 3
2026-01-13T21:44:35: [ingest] ✅ 28 trades in 7ms (4000/sec) | cache: 841
2026-01-13T21:44:36: [ingest] ✅ 3 trades in 3ms (1000/sec) | cache: 841
2026-01-13T21:44:36: [ingest] ✅ 60 trades in 5ms (12000/sec) | cache: 842
2026-01-13T21:44:37: [metadata] 80 processed (80 ok) | Queue: 4036
2026-01-13T21:44:37: [ingest] ✅ 50 trades in 6ms (8333/sec) | cache: 846
2026-01-13T21:44:37: [ingest] ✅ 37 trades in 6ms (6167/sec) | cache: 849
2026-01-13T21:44:37: [ingest] Queue: 1
2026-01-13T21:44:38: [ingest] ✅ 38 trades in 7ms (5429/sec) | cache: 854
2026-01-13T21:44:38: [ingest] Queue: 1
2026-01-13T21:44:38: [ingest] ✅ 35 trades in 7ms (5000/sec) | cache: 857
2026-01-13T21:44:38: [ingest] Queue: 1
2026-01-13T21:44:39: [ingest] ✅ 25 trades in 3ms (8333/sec) | cache: 857
2026-01-13T21:44:40: [ingest] ✅ 64 trades in 7ms (9143/sec) | cache: 862
2026-01-13T21:44:40: [ingest] Queue: 1
2026-01-13T21:44:40: [ingest] ✅ 42 trades in 6ms (7000/sec) | cache: 864
2026-01-13T21:44:40: [ingest] Queue: 1
2026-01-13T21:44:41: [ingest] ✅ 32 trades in 8ms (4000/sec) | cache: 867
2026-01-13T21:44:41: [ingest] ✅ 54 trades in 6ms (9000/sec) | cache: 869
2026-01-13T21:44:41: [ingest] Queue: 1
2026-01-13T21:44:42: [ingest] ✅ 35 trades in 7ms (5000/sec) | cache: 871
2026-01-13T21:44:42: [ingest] Queue: 1
2026-01-13T21:44:42: [ingest] ✅ 45 trades in 8ms (5625/sec) | cache: 873
2026-01-13T21:44:42: [metadata] Queue size: 4049 tokens waiting for metadata
2026-01-13T21:44:43: [ingest] ✅ 41 trades in 4ms (10250/sec) | cache: 873
2026-01-13T21:44:43: [ingest] Queue: 1
2026-01-13T21:44:43: [ingest] ✅ 40 trades in 4ms (10000/sec) | cache: 873
2026-01-13T21:44:44: [ingest] ✅ 28 trades in 3ms (9333/sec) | cache: 873
2026-01-13T21:44:44: [ingest] ✅ 69 trades in 6ms (11500/sec) | cache: 876
2026-01-13T21:44:45: [ingest] ✅ 43 trades in 6ms (7167/sec) | cache: 878
2026-01-13T21:44:45: [ingest] Queue: 1
2026-01-13T21:44:45: [ingest] ✅ 47 trades in 6ms (7833/sec) | cache: 879
2026-01-13T21:44:45: [ingest] Queue: 2
2026-01-13T21:44:46: [ingest] ✅ 50 trades in 4ms (12500/sec) | cache: 879
2026-01-13T21:44:46: [ingest] Queue: 1
2026-01-13T21:44:46: [ingest] ✅ 35 trades in 4ms (8750/sec) | cache: 879
2026-01-13T21:44:46: [metadata] ✅ DHS1JnKr... (35s)
2026-01-13T21:44:47: [metadata] 80 processed (80 ok) | Queue: 3971
2026-01-13T21:44:47: [ingest] ✅ 39 trades in 6ms (6500/sec) | cache: 880
2026-01-13T21:44:47: [ingest] Queue: 4
2026-01-13T21:44:47: [ingest] ✅ 48 trades in 5ms (9600/sec) | cache: 881
2026-01-13T21:44:47: [ingest] Queue: 2
2026-01-13T21:44:48: [ingest] ✅ 49 trades in 5ms (9800/sec) | cache: 881
2026-01-13T21:44:48: [ingest] ✅ 49 trades in 9ms (5444/sec) | cache: 883
2026-01-13T21:44:48: [ingest] Queue: 1
2026-01-13T21:44:49: [ingest] ✅ 62 trades in 7ms (8857/sec) | cache: 886
2026-01-13T21:44:49: [ingest] Queue: 1
2026-01-13T21:44:49: [ingest] ✅ 63 trades in 8ms (7875/sec) | cache: 888
2026-01-13T21:44:50: [ingest] ✅ 48 trades in 8ms (6000/sec) | cache: 889
2026-01-13T21:44:50: [ingest] ✅ 61 trades in 7ms (8714/sec) | cache: 891
2026-01-13T21:44:51: [ingest] ✅ 62 trades in 7ms (8857/sec) | cache: 893
2026-01-13T21:44:51: [ingest] Queue: 2
2026-01-13T21:44:51: [ingest] ✅ 48 trades in 7ms (6857/sec) | cache: 894
2026-01-13T21:44:51: [ingest] Queue: 1
2026-01-13T21:44:52: [ingest] ✅ 28 trades in 3ms (9333/sec) | cache: 894
2026-01-13T21:44:52: [ingest] ✅ 35 trades in 4ms (8750/sec) | cache: 896
2026-01-13T21:44:52: [metadata] Queue size: 3979 tokens waiting for metadata
2026-01-13T21:44:53: [ingest] ✅ 37 trades in 6ms (6167/sec) | cache: 897
2026-01-13T21:44:53: [ingest] ✅ 35 trades in 4ms (8750/sec) | cache: 897
2026-01-13T21:44:53: [ingest] Queue: 1
2026-01-13T21:44:54: [ingest] ✅ 48 trades in 5ms (9600/sec) | cache: 897
2026-01-13T21:44:54: [ingest] Queue: 1
2026-01-13T21:44:54: [ingest] ✅ 52 trades in 8ms (6500/sec) | cache: 899
2026-01-13T21:44:54: [ingest] Queue: 1
2026-01-13T21:44:55: [ingest] ✅ 40 trades in 7ms (5714/sec) | cache: 900
2026-01-13T21:44:55: [ingest] ✅ 47 trades in 7ms (6714/sec) | cache: 902
2026-01-13T21:44:56: [ingest] ✅ 54 trades in 5ms (10800/sec) | cache: 902
2026-01-13T21:44:56: [ingest] ✅ 51 trades in 8ms (6375/sec) | cache: 906
2026-01-13T21:44:56: [ingest] Queue: 1
2026-01-13T21:44:57: [metadata] 80 processed (80 ok) | Queue: 3903
2026-01-13T21:44:57: [ingest] ✅ 66 trades in 6ms (11000/sec) | cache: 907
2026-01-13T21:44:57: [ingest] Queue: 1
2026-01-13T21:44:57: [ingest] ✅ 54 trades in 8ms (6750/sec) | cache: 910
2026-01-13T21:44:58: [ingest] ✅ 49 trades in 4ms (12250/sec) | cache: 910
2026-01-13T21:44:58: [ingest] ✅ 73 trades in 5ms (14600/sec) | cache: 910
2026-01-13T21:44:59: [ingest] ✅ 50 trades in 7ms (7143/sec) | cache: 913
2026-01-13T21:44:59: [ingest] Queue: 3
2026-01-13T21:44:59: [ingest] ✅ 28 trades in 5ms (5600/sec) | cache: 914
2026-01-13T21:44:59: [ingest] Queue: 1
2026-01-13T21:45:00: [ingest] ✅ 73 trades in 6ms (12167/sec) | cache: 915
2026-01-13T21:45:01: [ingest] ✅ 34 trades in 7ms (4857/sec) | cache: 917
2026-01-13T21:45:01: [ingest] ✅ 31 trades in 5ms (6200/sec) | cache: 920
2026-01-13T21:45:02: [ingest] ✅ 19 trades in 5ms (3800/sec) | cache: 920
2026-01-13T21:45:02: [ingest] ✅ 28 trades in 5ms (5600/sec) | cache: 920
2026-01-13T21:45:02: [ingest] Queue: 1
2026-01-13T21:45:02: [metadata] Queue size: 3906 tokens waiting for metadata
2026-01-13T21:45:03: [ingest] ✅ 27 trades in 8ms (3375/sec) | cache: 921
2026-01-13T21:45:03: [ingest] ✅ 27 trades in 5ms (5400/sec) | cache: 922
2026-01-13T21:45:04: [ingest] ✅ 36 trades in 4ms (9000/sec) | cache: 924
2026-01-13T21:45:04: [ingest] ✅ 24 trades in 4ms (6000/sec) | cache: 924
2026-01-13T21:45:04: [ingest] Queue: 1
2026-01-13T21:45:05: [ingest] ✅ 45 trades in 6ms (7500/sec) | cache: 926
2026-01-13T21:45:05: [ingest] ✅ 49 trades in 8ms (6125/sec) | cache: 927
2026-01-13T21:45:05: [ingest] Queue: 2
2026-01-13T21:45:06: [ingest] ✅ 33 trades in 5ms (6600/sec) | cache: 927
2026-01-13T21:45:06: [ingest] ✅ 36 trades in 4ms (9000/sec) | cache: 927
2026-01-13T21:45:06: [ingest] Queue: 1
2026-01-13T21:45:07: [metadata] 80 processed (80 ok) | Queue: 3829
2026-01-13T21:45:07: [ingest] ✅ 38 trades in 7ms (5429/sec) | cache: 928
2026-01-13T21:45:07: [ingest] ✅ 65 trades in 6ms (10833/sec) | cache: 931
2026-01-13T21:45:07: [ingest] Queue: 2
2026-01-13T21:45:08: [ingest] ✅ 32 trades in 5ms (6400/sec) | cache: 933
2026-01-13T21:45:08: [ingest] ✅ 22 trades in 7ms (3143/sec) | cache: 935
2026-01-13T21:45:09: [ingest] ✅ 20 trades in 4ms (5000/sec) | cache: 935
2026-01-13T21:45:10: [ingest] ✅ 189 trades in 9ms (21000/sec) | cache: 936
2026-01-13T21:45:10: [ingest] Queue: 3
2026-01-13T21:45:10: [ingest] ✅ 132 trades in 8ms (16500/sec) | cache: 938
2026-01-13T21:45:10: [ingest] Queue: 2
2026-01-13T21:45:11: [ingest] ✅ 88 trades in 8ms (11000/sec) | cache: 940
2026-01-13T21:45:11: [ingest] Queue: 2
2026-01-13T21:45:11: [ingest] ✅ 99 trades in 8ms (12375/sec) | cache: 942
2026-01-13T21:45:12: [ingest] ✅ 32 trades in 8ms (4000/sec) | cache: 943
2026-01-13T21:45:12: [ingest] ✅ 46 trades in 8ms (5750/sec) | cache: 946
2026-01-13T21:45:12: [metadata] Queue size: 3834 tokens waiting for metadata
2026-01-13T21:45:13: [ingest] ✅ 23 trades in 8ms (2875/sec) | cache: 950
2026-01-13T21:45:13: [ingest] ✅ 37 trades in 6ms (6167/sec) | cache: 953
2026-01-13T21:45:14: [ingest] ✅ 35 trades in 6ms (5833/sec) | cache: 954
2026-01-13T21:45:14: [ingest] ✅ 35 trades in 5ms (7000/sec) | cache: 956
2026-01-13T21:45:14: [ingest] Queue: 1
2026-01-13T21:45:15: [ingest] ✅ 28 trades in 5ms (5600/sec) | cache: 957
2026-01-13T21:45:15: [ingest] ✅ 32 trades in 5ms (6400/sec) | cache: 957
2026-01-13T21:45:16: [ingest] ✅ 36 trades in 7ms (5143/sec) | cache: 959
2026-01-13T21:45:16: [ingest] ✅ 26 trades in 3ms (8667/sec) | cache: 959
2026-01-13T21:45:17: [ingest] ✅ 49 trades in 8ms (6125/sec) | cache: 961
2026-01-13T21:45:17: [metadata] 80 processed (79 ok) | Queue: 3760
2026-01-13T21:45:17: [ingest] ✅ 23 trades in 5ms (4600/sec) | cache: 962
2026-01-13T21:45:18: [ingest] ✅ 20 trades in 3ms (6667/sec) | cache: 962
2026-01-13T21:45:18: [ingest] ✅ 35 trades in 4ms (8750/sec) | cache: 962
2026-01-13T21:45:19: [ingest] ✅ 37 trades in 5ms (7400/sec) | cache: 964
2026-01-13T21:45:19: [ingest] ✅ 30 trades in 6ms (5000/sec) | cache: 965
2026-01-13T21:45:19: [ingest] Queue: 1
2026-01-13T21:45:20: [ingest] ✅ 35 trades in 7ms (5000/sec) | cache: 967
2026-01-13T21:45:20: [ingest] Queue: 1
2026-01-13T21:45:20: [ingest] ✅ 26 trades in 5ms (5200/sec) | cache: 969
2026-01-13T21:45:20: [ingest] Queue: 1
2026-01-13T21:45:21: [ingest] ✅ 36 trades in 7ms (5143/sec) | cache: 969
2026-01-13T21:45:21: [ingest] ✅ 23 trades in 5ms (4600/sec) | cache: 970
2026-01-13T21:45:22: [ingest] ✅ 23 trades in 5ms (4600/sec) | cache: 971
2026-01-13T21:45:22: [ingest] Queue: 1
2026-01-13T21:45:22: [ingest] ✅ 40 trades in 9ms (4444/sec) | cache: 973
2026-01-13T21:45:22: [metadata] Queue size: 3761 tokens waiting for metadata
2026-01-13T21:45:23: [ingest] ✅ 31 trades in 4ms (7750/sec) | cache: 974
2026-01-13T21:45:24: [ingest] ✅ 43 trades in 6ms (7167/sec) | cache: 977
2026-01-13T21:45:24: [ingest] ✅ 30 trades in 9ms (3333/sec) | cache: 978
2026-01-13T21:45:25: [ingest] ✅ 29 trades in 5ms (5800/sec) | cache: 979
2026-01-13T21:45:25: [ingest] ✅ 18 trades in 5ms (3600/sec) | cache: 979
2026-01-13T21:45:26: [ingest] ✅ 37 trades in 6ms (6167/sec) | cache: 981
2026-01-13T21:45:26: [ingest] ✅ 13 trades in 5ms (2600/sec) | cache: 981
2026-01-13T21:45:27: [ingest] ✅ 32 trades in 5ms (6400/sec) | cache: 982
2026-01-13T21:45:27: [metadata] 80 processed (79 ok) | Queue: 3684
2026-01-13T21:45:27: [ingest] ✅ 9 trades in 5ms (1800/sec) | cache: 982
2026-01-13T21:45:27: [ingest] Queue: 3
2026-01-13T21:45:28: [ingest] ✅ 29 trades in 8ms (3625/sec) | cache: 983
2026-01-13T21:45:28: [ingest] ✅ 14 trades in 6ms (2333/sec) | cache: 984
2026-01-13T21:45:28: [ingest] Queue: 2
2026-01-13T21:45:29: [ingest] ✅ 29 trades in 8ms (3625/sec) | cache: 986
2026-01-13T21:45:29: [ingest] ✅ 31 trades in 6ms (5167/sec) | cache: 988
2026-01-13T21:45:30: [ingest] ✅ 32 trades in 6ms (5333/sec) | cache: 988
2026-01-13T21:45:30: [ingest] ✅ 17 trades in 5ms (3400/sec) | cache: 989
2026-01-13T21:45:31: [ingest] ✅ 25 trades in 6ms (4167/sec) | cache: 990
2026-01-13T21:45:31: [ingest] Queue: 1
2026-01-13T21:45:31: [ingest] ✅ 22 trades in 4ms (5500/sec) | cache: 990
2026-01-13T21:45:32: [ingest] ✅ 29 trades in 4ms (7250/sec) | cache: 990
2026-01-13T21:45:32: [ingest] ✅ 27 trades in 6ms (4500/sec) | cache: 994
2026-01-13T21:45:32: [metadata] Queue size: 3687 tokens waiting for metadata
2026-01-13T21:45:33: [ingest] ✅ 47 trades in 6ms (7833/sec) | cache: 995
2026-01-13T21:45:33: [ingest] ✅ 24 trades in 6ms (4000/sec) | cache: 996
2026-01-13T21:45:33: [ingest] Queue: 1
2026-01-13T21:45:34: [ingest] ✅ 54 trades in 8ms (6750/sec) | cache: 998
2026-01-13T21:45:35: [ingest] ✅ 22 trades in 13ms (1692/sec) | cache: 1000
2026-01-13T21:45:35: [ingest] Queue: 1
2026-01-13T21:45:35: [ingest] ✅ 34 trades in 6ms (5667/sec) | cache: 1001
2026-01-13T21:45:35: [ingest] Queue: 7
2026-01-13T21:45:36: [ingest] ✅ 26 trades in 4ms (6500/sec) | cache: 1001
2026-01-13T21:45:36: [ingest] ✅ 35 trades in 5ms (7000/sec) | cache: 1002
2026-01-13T21:45:37: [ingest] ✅ 33 trades in 7ms (4714/sec) | cache: 1004
2026-01-13T21:45:37: [ingest] Queue: 1
2026-01-13T21:45:37: [metadata] 80 processed (80 ok) | Queue: 3613
2026-01-13T21:45:37: [ingest] ✅ 18 trades in 3ms (6000/sec) | cache: 1004
2026-01-13T21:45:38: [ingest] ✅ 30 trades in 3ms (10000/sec) | cache: 1004
2026-01-13T21:45:38: [ingest] ✅ 24 trades in 5ms (4800/sec) | cache: 1004
2026-01-13T21:45:39: [ingest] ✅ 28 trades in 3ms (9333/sec) | cache: 1004
2026-01-13T21:45:39: [ingest] Queue: 1
2026-01-13T21:45:39: [ingest] ✅ 24 trades in 3ms (8000/sec) | cache: 1004
2026-01-13T21:45:40: [ingest] ✅ 38 trades in 7ms (5429/sec) | cache: 1005
2026-01-13T21:45:40: [ingest] ✅ 37 trades in 4ms (9250/sec) | cache: 1005
2026-01-13T21:45:41: [ingest] ✅ 33 trades in 5ms (6600/sec) | cache: 1006
2026-01-13T21:45:41: [ingest] Queue: 1
2026-01-13T21:45:41: [ingest] ✅ 62 trades in 6ms (10333/sec) | cache: 1008
2026-01-13T21:45:41: [ingest] Queue: 1
2026-01-13T21:45:42: [ingest] ✅ 18 trades in 4ms (4500/sec) | cache: 1008
2026-01-13T21:45:42: [ingest] ✅ 26 trades in 4ms (6500/sec) | cache: 1008
2026-01-13T21:45:42: [ingest] Queue: 1
2026-01-13T21:45:42: [metadata] Queue size: 3613 tokens waiting for metadata
2026-01-13T21:45:43: [ingest] ✅ 31 trades in 4ms (7750/sec) | cache: 1008
2026-01-13T21:45:43: [ingest] ✅ 30 trades in 4ms (7500/sec) | cache: 1008
2026-01-13T21:45:44: [ingest] ✅ 29 trades in 4ms (7250/sec) | cache: 1008
2026-01-13T21:45:44: [ingest] ✅ 17 trades in 3ms (5667/sec) | cache: 1008
2026-01-13T21:45:45: [ingest] ✅ 33 trades in 6ms (5500/sec) | cache: 1010
2026-01-13T21:45:45: [ingest] Queue: 1
2026-01-13T21:45:45: [ingest] ✅ 28 trades in 4ms (7000/sec) | cache: 1010
2026-01-13T21:45:46: [ingest] ✅ 25 trades in 5ms (5000/sec) | cache: 1011
2026-01-13T21:45:46: [ingest] ✅ 46 trades in 8ms (5750/sec) | cache: 1014
2026-01-13T21:45:47: [ingest] ✅ 31 trades in 4ms (7750/sec) | cache: 1014
2026-01-13T21:45:47: [metadata] 80 processed (79 ok) | Queue: 3537
2026-01-13T21:45:47: [ingest] ✅ 15 trades in 5ms (3000/sec) | cache: 1015
2026-01-13T21:45:48: [ingest] ✅ 20 trades in 4ms (5000/sec) | cache: 1015
2026-01-13T21:45:48: [ingest] ✅ 20 trades in 5ms (4000/sec) | cache: 1017
2026-01-13T21:45:49: [ingest] ✅ 28 trades in 3ms (9333/sec) | cache: 1017
2026-01-13T21:45:49: [ingest] ✅ 23 trades in 5ms (4600/sec) | cache: 1018
2026-01-13T21:45:50: [ingest] ✅ 27 trades in 3ms (9000/sec) | cache: 1018
2026-01-13T21:45:50: [ingest] ✅ 28 trades in 6ms (4667/sec) | cache: 1021
2026-01-13T21:45:50: [ingest] Queue: 1
2026-01-13T21:45:51: [ingest] ✅ 27 trades in 4ms (6750/sec) | cache: 1021
2026-01-13T21:45:51: [ingest] ✅ 27 trades in 6ms (4500/sec) | cache: 1023
2026-01-13T21:45:52: [ingest] ✅ 34 trades in 5ms (6800/sec) | cache: 1028
2026-01-13T21:45:52: [ingest] Queue: 1
2026-01-13T21:45:52: [ingest] ✅ 28 trades in 4ms (7000/sec) | cache: 1028
2026-01-13T21:45:52: [metadata] Queue size: 3539 tokens waiting for metadata
2026-01-13T21:45:53: [ingest] ✅ 24 trades in 4ms (6000/sec) | cache: 1028
2026-01-13T21:45:53: [ingest] Queue: 1
2026-01-13T21:45:53: [ingest] ✅ 33 trades in 6ms (5500/sec) | cache: 1029
2026-01-13T21:45:53: [ingest] Queue: 1
2026-01-13T21:45:54: [ingest] ✅ 30 trades in 7ms (4286/sec) | cache: 1031
2026-01-13T21:45:54: [ingest] Queue: 2
2026-01-13T21:45:54: [ingest] ✅ 17 trades in 7ms (2429/sec) | cache: 1032
2026-01-13T21:45:55: [ingest] ✅ 38 trades in 6ms (6333/sec) | cache: 1035
2026-01-13T21:45:55: [metadata] ✅ 2RA1v8Nd... (106s)
2026-01-13T21:45:55: [ingest] ✅ 44 trades in 8ms (5500/sec) | cache: 1039
2026-01-13T21:45:55: [ingest] Queue: 1
2026-01-13T21:45:56: [ingest] ✅ 31 trades in 6ms (5167/sec) | cache: 1040
2026-01-13T21:45:56: [ingest] Queue: 2
2026-01-13T21:45:56: [ingest] ✅ 54 trades in 8ms (6750/sec) | cache: 1041
2026-01-13T21:45:57: [ingest] ✅ 34 trades in 6ms (5667/sec) | cache: 1041
2026-01-13T21:45:57: [metadata] 80 processed (80 ok) | Queue: 3466
2026-01-13T21:45:57: [ingest] ✅ 26 trades in 3ms (8667/sec) | cache: 1041
2026-01-13T21:45:57: [ingest] Queue: 1
2026-01-13T21:45:58: [ingest] ✅ 51 trades in 4ms (12750/sec) | cache: 1041
2026-01-13T21:45:58: [ingest] Queue: 1
2026-01-13T21:45:58: [ingest] ✅ 44 trades in 6ms (7333/sec) | cache: 1044
2026-01-13T21:45:59: [ingest] ✅ 35 trades in 9ms (3889/sec) | cache: 1048
2026-01-13T21:46:00: [ingest] ✅ 60 trades in 9ms (6667/sec) | cache: 1049
2026-01-13T21:46:00: [ingest] Queue: 1
2026-01-13T21:46:00: [ingest] ✅ 24 trades in 5ms (4800/sec) | cache: 1052
2026-01-13T21:46:00: [ingest] Queue: 1
2026-01-13T21:46:01: [ingest] ✅ 32 trades in 6ms (5333/sec) | cache: 1054
2026-01-13T21:46:01: [ingest] Queue: 4
2026-01-13T21:46:01: [ingest] ✅ 31 trades in 8ms (3875/sec) | cache: 1055
2026-01-13T21:46:02: [ingest] ✅ 27 trades in 6ms (4500/sec) | cache: 1056
2026-01-13T21:46:02: [ingest] ✅ 37 trades in 6ms (6167/sec) | cache: 1057
2026-01-13T21:46:02: [metadata] Queue size: 3470 tokens waiting for metadata
2026-01-13T21:46:03: [ingest] ✅ 34 trades in 4ms (8500/sec) | cache: 1057
2026-01-13T21:46:03: [ingest] ✅ 35 trades in 7ms (5000/sec) | cache: 1058
2026-01-13T21:46:04: [ingest] ✅ 42 trades in 8ms (5250/sec) | cache: 1061
2026-01-13T21:46:05: [ingest] ✅ 71 trades in 9ms (7889/sec) | cache: 1062
2026-01-13T21:46:05: [ingest] ✅ 29 trades in 6ms (4833/sec) | cache: 1063
2026-01-13T21:46:05: [ingest] Queue: 3
2026-01-13T21:46:06: [ingest] ✅ 54 trades in 7ms (7714/sec) | cache: 1065
2026-01-13T21:46:06: [ingest] ✅ 26 trades in 6ms (4333/sec) | cache: 1065
2026-01-13T21:46:06: [ingest] Queue: 1
2026-01-13T21:46:07: [ingest] ✅ 35 trades in 8ms (4375/sec) | cache: 1068
2026-01-13T21:46:07: [metadata] 80 processed (80 ok) | Queue: 3396
2026-01-13T21:46:07: [ingest] ✅ 29 trades in 6ms (4833/sec) | cache: 1068
2026-01-13T21:46:07: [ingest] Queue: 1
2026-01-13T21:46:08: [ingest] ✅ 35 trades in 4ms (8750/sec) | cache: 1068
2026-01-13T21:46:08: [ingest] ✅ 40 trades in 7ms (5714/sec) | cache: 1070
2026-01-13T21:46:09: [ingest] ✅ 31 trades in 5ms (6200/sec) | cache: 1070
2026-01-13T21:46:09: [ingest] ✅ 19 trades in 5ms (3800/sec) | cache: 1070
2026-01-13T21:46:09: [ingest] Queue: 1
2026-01-13T21:46:10: [ingest] ✅ 25 trades in 6ms (4167/sec) | cache: 1071
2026-01-13T21:46:10: [ingest] ✅ 39 trades in 6ms (6500/sec) | cache: 1073
2026-01-13T21:46:11: [ingest] ✅ 36 trades in 5ms (7200/sec) | cache: 1073
2026-01-13T21:46:11: [ingest] ✅ 33 trades in 7ms (4714/sec) | cache: 1074
2026-01-13T21:46:11: [ingest] Queue: 1
2026-01-13T21:46:12: [ingest] ✅ 44 trades in 4ms (11000/sec) | cache: 1074
2026-01-13T21:46:12: [ingest] ✅ 37 trades in 6ms (6167/sec) | cache: 1075
2026-01-13T21:46:12: [metadata] Queue size: 3396 tokens waiting for metadata
2026-01-13T21:46:13: [ingest] ✅ 30 trades in 7ms (4286/sec) | cache: 1079
2026-01-13T21:46:13: [ingest] ✅ 17 trades in 4ms (4250/sec) | cache: 1079
2026-01-13T21:46:14: [ingest] ✅ 50 trades in 5ms (10000/sec) | cache: 1079
2026-01-13T21:46:14: [ingest] Queue: 2
2026-01-13T21:46:14: [ingest] ✅ 49 trades in 4ms (12250/sec) | cache: 1079
2026-01-13T21:46:14: [ingest] Queue: 1
2026-01-13T21:46:15: [ingest] ✅ 33 trades in 4ms (8250/sec) | cache: 1079
2026-01-13T21:46:15: [ingest] ✅ 30 trades in 4ms (7500/sec) | cache: 1079
2026-01-13T21:46:15: [ingest] Queue: 1
2026-01-13T21:46:16: [ingest] ✅ 34 trades in 8ms (4250/sec) | cache: 1080
2026-01-13T21:46:16: [metadata] ✅ FU2AQz9m... (161s)
2026-01-13T21:46:16: [ingest] ✅ 15 trades in 6ms (2500/sec) | cache: 1082
2026-01-13T21:46:17: [ingest] ✅ 6 trades in 3ms (2000/sec) | cache: 1082
2026-01-13T21:46:17: [metadata] 80 processed (80 ok) | Queue: 3319
2026-01-13T21:46:17: [ingest] ✅ 12 trades in 4ms (3000/sec) | cache: 1082
2026-01-13T21:46:18: [ingest] ✅ 35 trades in 4ms (8750/sec) | cache: 1082
2026-01-13T21:46:18: [ingest] ✅ 3 trades in 4ms (750/sec) | cache: 1082
2026-01-13T21:46:19: [ingest] ✅ 68 trades in 9ms (7556/sec) | cache: 1086
2026-01-13T21:46:19: [ingest] ✅ 51 trades in 6ms (8500/sec) | cache: 1087
2026-01-13T21:46:19: [ingest] Queue: 1
2026-01-13T21:46:20: [ingest] ✅ 31 trades in 6ms (5167/sec) | cache: 1088
2026-01-13T21:46:20: [ingest] ✅ 28 trades in 4ms (7000/sec) | cache: 1088
2026-01-13T21:46:21: [ingest] ✅ 21 trades in 7ms (3000/sec) | cache: 1089
2026-01-13T21:46:21: [ingest] ✅ 21 trades in 8ms (2625/sec) | cache: 1092
2026-01-13T21:46:22: [ingest] ✅ 32 trades in 4ms (8000/sec) | cache: 1092
2026-01-13T21:46:22: [ingest] ✅ 19 trades in 5ms (3800/sec) | cache: 1093
2026-01-13T21:46:22: [metadata] Queue size: 3322 tokens waiting for metadata
2026-01-13T21:46:23: [ingest] ✅ 11 trades in 6ms (1833/sec) | cache: 1095
2026-01-13T21:46:23: [ingest] ✅ 19 trades in 5ms (3800/sec) | cache: 1095
2026-01-13T21:46:24: [ingest] ✅ 63 trades in 10ms (6300/sec) | cache: 1097
2026-01-13T21:46:24: [ingest] ✅ 43 trades in 9ms (4778/sec) | cache: 1098
2026-01-13T21:46:24: [ingest] Queue: 4
2026-01-13T21:46:25: [ingest] ✅ 43 trades in 6ms (7167/sec) | cache: 1099
2026-01-13T21:46:25: [ingest] Queue: 1
2026-01-13T21:46:25: [ingest] ✅ 19 trades in 4ms (4750/sec) | cache: 1099
2026-01-13T21:46:26: [ingest] ✅ 25 trades in 4ms (6250/sec) | cache: 1099
2026-01-13T21:46:26: [ingest] ✅ 27 trades in 10ms (2700/sec) | cache: 1100
2026-01-13T21:46:26: [ingest] Queue: 1
2026-01-13T21:46:27: [metadata] 80 processed (79 ok) | Queue: 3248
2026-01-13T21:46:27: [ingest] ✅ 50 trades in 7ms (7143/sec) | cache: 1104
2026-01-13T21:46:27: [ingest] Queue: 2
2026-01-13T21:46:28: [ingest] ✅ 20 trades in 4ms (5000/sec) | cache: 1104
2026-01-13T21:46:28: [ingest] ✅ 7 trades in 6ms (1167/sec) | cache: 1105
2026-01-13T21:46:29: [ingest] ✅ 33 trades in 8ms (4125/sec) | cache: 1107
2026-01-13T21:46:29: [ingest] ✅ 51 trades in 7ms (7286/sec) | cache: 1108
2026-01-13T21:46:30: [ingest] ✅ 30 trades in 6ms (5000/sec) | cache: 1109
2026-01-13T21:46:30: [ingest] Queue: 1
2026-01-13T21:46:30: [ingest] ✅ 54 trades in 10ms (5400/sec) | cache: 1110
2026-01-13T21:46:31: [ingest] ✅ 57 trades in 7ms (8143/sec) | cache: 1111
2026-01-13T21:46:31: [ingest] ✅ 55 trades in 4ms (13750/sec) | cache: 1111
2026-01-13T21:46:32: [ingest] ✅ 33 trades in 5ms (6600/sec) | cache: 1112
2026-01-13T21:46:32: [ingest] ✅ 35 trades in 7ms (5000/sec) | cache: 1114
2026-01-13T21:46:32: [ingest] Queue: 3
2026-01-13T21:46:32: [metadata] Queue size: 3253 tokens waiting for metadata
2026-01-13T21:46:33: [ingest] ✅ 29 trades in 4ms (7250/sec) | cache: 1114
2026-01-13T21:46:33: [ingest] ✅ 32 trades in 4ms (8000/sec) | cache: 1114
2026-01-13T21:46:33: 
2026-01-13T21:46:33: 🛑 Shutting down...
2026-01-13T21:46:34: 
2026-01-13T21:46:34: > pump-investments@3.0.32 ingest
2026-01-13T21:46:34: > tsx --tsconfig tsconfig.json server/ingest-trades.ts
2026-01-13T21:46:34: 
2026-01-13T21:46:35: [cleanup] Retention: 2h
2026-01-13T21:46:35: 🚀 Trade ingestion (optimized)
2026-01-13T21:46:35:    Batch: 800 | Flush: 500ms | Pool: 15
2026-01-13T21:46:35: [metadata] Seeded 5000 tokens
2026-01-13T21:46:35: ✅ Connected to Pump.fun trade feed
2026-01-13T21:46:36: [ingest] ✅ 14 trades in 20ms (700/sec) | cache: 9
2026-01-13T21:46:36: [ingest] Queue: 11
2026-01-13T21:46:36: [ingest] ✅ 31 trades in 6ms (5167/sec) | cache: 23
2026-01-13T21:46:36: [ingest] ✅ 24 trades in 8ms (3000/sec) | cache: 33
2026-01-13T21:46:36: [ingest] Queue: 2
2026-01-13T21:46:37: [ingest] ✅ 45 trades in 8ms (5625/sec) | cache: 42
2026-01-13T21:46:37: [ingest] ✅ 51 trades in 8ms (6375/sec) | cache: 58
2026-01-13T21:46:38: [ingest] ✅ 42 trades in 8ms (5250/sec) | cache: 69
2026-01-13T21:46:38: [ingest] ✅ 83 trades in 13ms (6385/sec) | cache: 83
2026-01-13T21:46:38: [ingest] Queue: 3
2026-01-13T21:46:39: [ingest] ✅ 37 trades in 6ms (6167/sec) | cache: 89
2026-01-13T21:46:39: [ingest] Queue: 2
2026-01-13T21:46:39: [ingest] ✅ 24 trades in 7ms (3429/sec) | cache: 96
2026-01-13T21:46:40: [ingest] ✅ 67 trades in 8ms (8375/sec) | cache: 106
2026-01-13T21:46:40: [ingest] ✅ 64 trades in 8ms (8000/sec) | cache: 120
2026-01-13T21:46:41: [ingest] ✅ 46 trades in 8ms (5750/sec) | cache: 123
2026-01-13T21:46:41: [ingest] Queue: 3
2026-01-13T21:46:41: [ingest] ✅ 74 trades in 10ms (7400/sec) | cache: 135
2026-01-13T21:46:41: [ingest] Queue: 2
2026-01-13T21:46:42: [ingest] ✅ 44 trades in 9ms (4889/sec) | cache: 141
2026-01-13T21:46:42: [ingest] ✅ 33 trades in 6ms (5500/sec) | cache: 147
2026-01-13T21:46:43: [ingest] ✅ 39 trades in 6ms (6500/sec) | cache: 152
2026-01-13T21:46:43: [ingest] ✅ 22 trades in 6ms (3667/sec) | cache: 156
2026-01-13T21:46:44: [ingest] ✅ 30 trades in 7ms (4286/sec) | cache: 161
2026-01-13T21:46:44: [ingest] ✅ 39 trades in 5ms (7800/sec) | cache: 168
2026-01-13T21:46:44: [ingest] Queue: 2
2026-01-13T21:46:45: [metadata] Queue size: 5064 tokens waiting for metadata
2026-01-13T21:46:45: [ingest] ✅ 55 trades in 7ms (7857/sec) | cache: 177
2026-01-13T21:46:45: [ingest] ✅ 34 trades in 6ms (5667/sec) | cache: 179
2026-01-13T21:46:45: [ingest] Queue: 1
2026-01-13T21:46:46: [ingest] ✅ 38 trades in 5ms (7600/sec) | cache: 183
2026-01-13T21:46:46: [ingest] ✅ 30 trades in 5ms (6000/sec) | cache: 186
2026-01-13T21:46:46: [ingest] Queue: 1
2026-01-13T21:46:47: [ingest] ✅ 42 trades in 6ms (7000/sec) | cache: 189
2026-01-13T21:46:47: [ingest] ✅ 41 trades in 7ms (5857/sec) | cache: 197
2026-01-13T21:46:48: [ingest] ✅ 19 trades in 6ms (3167/sec) | cache: 201
2026-01-13T21:46:48: [ingest] ✅ 26 trades in 4ms (6500/sec) | cache: 202
2026-01-13T21:46:48: [ingest] Queue: 1
2026-01-13T21:46:49: [ingest] ✅ 43 trades in 6ms (7167/sec) | cache: 210
2026-01-13T21:46:49: [metadata] 80 processed (80 ok) | Queue: 4993
2026-01-13T21:46:49: [ingest] ✅ 60 trades in 8ms (7500/sec) | cache: 219
2026-01-13T21:46:50: [ingest] ✅ 51 trades in 6ms (8500/sec) | cache: 234
2026-01-13T21:46:50: [ingest] ✅ 46 trades in 7ms (6571/sec) | cache: 239
2026-01-13T21:46:51: [ingest] ✅ 51 trades in 8ms (6375/sec) | cache: 246
2026-01-13T21:46:51: [ingest] Queue: 3
2026-01-13T21:46:51: [ingest] ✅ 39 trades in 7ms (5571/sec) | cache: 248
2026-01-13T21:46:52: [ingest] ✅ 54 trades in 6ms (9000/sec) | cache: 250
2026-01-13T21:46:52: [ingest] Queue: 1
2026-01-13T21:46:52: [ingest] ✅ 84 trades in 9ms (9333/sec) | cache: 265
2026-01-13T21:46:53: [ingest] ✅ 80 trades in 8ms (10000/sec) | cache: 272
2026-01-13T21:46:53: [ingest] Queue: 2
2026-01-13T21:46:54: [ingest] ✅ 38 trades in 8ms (4750/sec) | cache: 277
2026-01-13T21:46:54: [ingest] ✅ 24 trades in 7ms (3429/sec) | cache: 278
2026-01-13T21:46:55: [ingest] ✅ 77 trades in 9ms (8556/sec) | cache: 293
2026-01-13T21:46:55: [ingest] Queue: 2
2026-01-13T21:46:55: [metadata] Queue size: 5009 tokens waiting for metadata
2026-01-13T21:46:55: [metadata] ✅ 5zCETicU... (11s)
2026-01-13T21:46:55: [ingest] ✅ 86 trades in 8ms (10750/sec) | cache: 302
2026-01-13T21:46:55: [ingest] Queue: 1
2026-01-13T21:46:56: [ingest] ✅ 70 trades in 9ms (7778/sec) | cache: 306
2026-01-13T21:46:56: [ingest] Queue: 5
2026-01-13T21:46:56: [metadata] ✅ DFG1vP6w... (5s)
2026-01-13T21:46:56: [ingest] ✅ 61 trades in 6ms (10167/sec) | cache: 308
2026-01-13T21:46:56: [ingest] Queue: 5
2026-01-13T21:46:57: [ingest] ✅ 53 trades in 10ms (5300/sec) | cache: 316
2026-01-13T21:46:57: [ingest] ✅ 43 trades in 6ms (7167/sec) | cache: 320
2026-01-13T21:46:58: [ingest] ✅ 58 trades in 6ms (9667/sec) | cache: 322
2026-01-13T21:46:58: [ingest] ✅ 60 trades in 7ms (8571/sec) | cache: 325
2026-01-13T21:46:59: [ingest] ✅ 33 trades in 6ms (5500/sec) | cache: 329
2026-01-13T21:46:59: [ingest] ✅ 55 trades in 10ms (5500/sec) | cache: 331
2026-01-13T21:46:59: [ingest] Queue: 1
2026-01-13T21:46:59: [metadata] 80 processed (79 ok) | Queue: 4942
2026-01-13T21:47:00: [ingest] ✅ 72 trades in 10ms (7200/sec) | cache: 336
2026-01-13T21:47:00: [ingest] Queue: 2
2026-01-13T21:47:00: [ingest] ✅ 42 trades in 8ms (5250/sec) | cache: 340
2026-01-13T21:47:00: [ingest] Queue: 2
2026-01-13T21:47:01: [ingest] ✅ 42 trades in 7ms (6000/sec) | cache: 344
2026-01-13T21:47:01: 
2026-01-13T21:47:01: 🛑 Shutting down...
2026-01-13T21:47:02: 
2026-01-13T21:47:02: > pump-investments@3.0.32 ingest
2026-01-13T21:47:02: > tsx --tsconfig tsconfig.json server/ingest-trades.ts
2026-01-13T21:47:02: 
2026-01-13T21:47:02: [cleanup] Retention: 2h
2026-01-13T21:47:02: 🚀 Trade ingestion (optimized)
2026-01-13T21:47:02:    Batch: 800 | Flush: 500ms | Pool: 15
2026-01-13T21:47:03: [metadata] Seeded 5000 tokens
2026-01-13T21:47:03: ✅ Connected to Pump.fun trade feed
2026-01-13T21:47:03: [ingest] ✅ 9 trades in 17ms (529/sec) | cache: 7 | batches: 1
2026-01-13T21:47:12: [metadata] Queue size: 5077 tokens waiting for metadata
2026-01-13T21:47:13: [ingest] ✅ 60 trades in 9ms (6667/sec) | cache: 203 | batches: 20
2026-01-13T21:47:15: [metadata] ✅ 6MQpbiTC... (4s)
2026-01-13T21:47:17: [metadata] 80 processed (80 ok) | Queue: 5017
2026-01-13T21:47:22: [metadata] Queue size: 5026 tokens waiting for metadata
2026-01-13T21:47:24: [ingest] ✅ 45 trades in 7ms (6429/sec) | cache: 308 | batches: 20
2026-01-13T21:47:27: [metadata] 80 processed (79 ok) | Queue: 4963
2026-01-13T21:47:32: [metadata] Queue size: 4983 tokens waiting for metadata
2026-01-13T21:47:34: [ingest] ✅ 45 trades in 5ms (9000/sec) | cache: 431 | batches: 20
2026-01-13T21:47:37: [metadata] 80 processed (78 ok) | Queue: 4918
2026-01-13T21:47:42: [metadata] Queue size: 4926 tokens waiting for metadata
2026-01-13T21:47:43: [metadata] ✅ DtYoqGz2... (5s)
2026-01-13T21:47:45: [ingest] ✅ 64 trades in 55ms (1164/sec) | cache: 502 | batches: 20
2026-01-13T21:47:47: [metadata] 80 processed (78 ok) | Queue: 4859
2026-01-13T21:47:52: [metadata] Queue size: 4868 tokens waiting for metadata
2026-01-13T21:47:55: [ingest] ✅ 46 trades in 6ms (7667/sec) | cache: 554 | batches: 20
