2026-01-13T21:41:18: 
2026-01-13T21:41:18: > pump-investments@3.0.32 start
2026-01-13T21:41:18: > next start
2026-01-13T21:41:18: 
2026-01-13T21:41:18:    ▲ Next.js 14.1.0
2026-01-13T21:41:18:    - Local:        http://localhost:3000
2026-01-13T21:41:18: 
2026-01-13T21:41:19:  ✓ Ready in 326ms
2026-01-13T21:41:26: prisma:error 
2026-01-13T21:41:26: Invalid `prisma.trade.findMany()` invocation:
2026-01-13T21:41:26: 
2026-01-13T21:41:26: 
2026-01-13T21:41:26: Can't reach database server at `localhost:5432`
2026-01-13T21:41:26: 
2026-01-13T21:41:26: Please make sure your database server is running at `localhost:5432`.
2026-01-13T21:46:34: 
2026-01-13T21:46:34: > pump-investments@3.0.32 start
2026-01-13T21:46:34: > next start
2026-01-13T21:46:34: 
2026-01-13T21:46:35:    ▲ Next.js 14.1.0
2026-01-13T21:46:35:    - Local:        http://localhost:3000
2026-01-13T21:46:35: 
2026-01-13T21:46:35:  ✓ Ready in 344ms
2026-01-14T20:09:37: 
2026-01-14T20:09:37: > pump-investments@3.0.32 start
2026-01-14T20:09:37: > next start
2026-01-14T20:09:37: 
2026-01-14T20:09:37:    ▲ Next.js 14.1.0
2026-01-14T20:09:37:    - Local:        http://localhost:3000
2026-01-14T20:09:37: 
2026-01-14T20:09:37:  ✓ Ready in 288ms
2026-01-14T20:13:02: 
2026-01-14T20:13:02: > pump-investments@3.0.32 start
2026-01-14T20:13:02: > next start
2026-01-14T20:13:02: 
2026-01-14T20:13:03:    ▲ Next.js 14.1.0
2026-01-14T20:13:03:    - Local:        http://localhost:3000
2026-01-14T20:13:03: 
2026-01-14T20:13:03:  ✓ Ready in 279ms
2026-01-14T20:17:52: 
2026-01-14T20:17:52: > pump-investments@3.0.32 start
2026-01-14T20:17:52: > next start
2026-01-14T20:17:52: 
2026-01-14T20:17:52:    ▲ Next.js 14.1.0
2026-01-14T20:17:52:    - Local:        http://localhost:3000
2026-01-14T20:17:52: 
2026-01-14T20:17:52:  ✓ Ready in 284ms
